[ 2013-04-07T08:49:22+08:00 ] ERR: (ThinkException) 非法操作:add
[ 2013-04-07T08:49:43+08:00 ] ERR: (ThinkException) 非法操作:index
[ 2013-04-07T08:50:23+08:00 ] ERR: (ThinkException) 非法操作:index
[ 2013-04-07T08:50:28+08:00 ] ERR: (ThinkException) 非法操作:index
[ 2013-04-07T08:51:57+08:00 ] ERR: (ThinkException) 非法操作:add
[ 2013-04-07T08:52:11+08:00 ] ERR: (ThinkException) 非法操作:show
[ 2013-04-07T08:54:47+08:00 ] ERR: (ThinkException) 非法操作:add
[ 2013-04-07T08:54:52+08:00 ] ERR: (ThinkException) 非法操作:add
[ 2013-04-07T08:56:29+08:00 ] ERR: (ThinkException) 非法操作:add
[ 2013-04-07T08:56:45+08:00 ] ERR: (ThinkException) 非法操作:add
[ 2013-04-07T08:56:50+08:00 ] ERR: (ThinkException) 非法操作:index
[ 2013-04-07T08:57:03+08:00 ] ERR: (ThinkException) 非法操作:index
[ 2013-04-07T08:57:07+08:00 ] ERR: (ThinkException) 非法操作:index
[ 2013-04-07T08:59:14+08:00 ] ERR: (ThinkException) 非法操作:add
[ 2013-04-07T10:12:12+08:00 ] ERR: (ThinkException) 非法操作:index
[ 2013-04-07T10:22:40+08:00 ] ERR: (ThinkException) 非法操作:delContent
[ 2013-04-07T10:31:15+08:00 ] ERR: (ThinkException) 非法操作:delContent
[ 2013-04-07T10:31:20+08:00 ] ERR: (ThinkException) 非法操作:doDelContent
[ 2013-04-07T10:49:30+08:00 ] ERR: (ThinkException) 参数错误或者未定义:contId
[ 2013-04-07T10:51:06+08:00 ] ERR: (ThinkException) 参数错误或者未定义:contId
[ 2013-04-07T11:17:39+08:00 ] ERR: (ThinkException) XML标签语法错误 : condition="($data['content_type'] eq 0 ) 
[ 2013-04-07T11:17:40+08:00 ] ERR: (ThinkException) XML标签语法错误 : condition="($data['content_type'] eq 0 ) 
[ 2013-04-07T11:17:40+08:00 ] ERR: (ThinkException) XML标签语法错误 : condition="($data['content_type'] eq 0 ) 
[ 2013-04-07T11:17:40+08:00 ] ERR: (ThinkException) XML标签语法错误 : condition="($data['content_type'] eq 0 ) 
[ 2013-04-07T11:17:40+08:00 ] ERR: (ThinkException) XML标签语法错误 : condition="($data['content_type'] eq 0 ) 
[ 2013-04-07T11:17:40+08:00 ] ERR: (ThinkException) XML标签语法错误 : condition="($data['content_type'] eq 0 ) 
[ 2013-04-07T11:17:40+08:00 ] ERR: (ThinkException) XML标签语法错误 : condition="($data['content_type'] eq 0 ) 
[ 2013-04-07T11:17:40+08:00 ] ERR: (ThinkException) XML标签语法错误 : condition="($data['content_type'] eq 0 ) 
[ 2013-04-07T11:17:40+08:00 ] ERR: (ThinkException) XML标签语法错误 : condition="($data['content_type'] eq 0 ) 
[ 2013-04-07T11:17:40+08:00 ] ERR: (ThinkException) XML标签语法错误 : condition="($data['content_type'] eq 0 ) 
[ 2013-04-07T11:17:40+08:00 ] ERR: (ThinkException) XML标签语法错误 : condition="($data['content_type'] eq 0 ) 
[ 2013-04-07T11:17:40+08:00 ] ERR: (ThinkException) XML标签语法错误 : condition="($data['content_type'] eq 0 ) 
[ 2013-04-07T11:17:40+08:00 ] ERR: (ThinkException) XML标签语法错误 : condition="($data['content_type'] eq 0 ) 
[ 2013-04-07T11:17:40+08:00 ] ERR: (ThinkException) XML标签语法错误 : condition="($data['content_type'] eq 0 ) 
[ 2013-04-07T11:17:40+08:00 ] ERR: (ThinkException) XML标签语法错误 : condition="($data['content_type'] eq 0 ) 
[ 2013-04-07T11:17:40+08:00 ] ERR: (ThinkException) XML标签语法错误 : condition="($data['content_type'] eq 0 ) 
[ 2013-04-07T13:44:47+08:00 ] ERR: (ThinkException) 非法操作:index
